<?xml version="1.0" encoding="UTF-8"?>
<!-- Generated by org.testng.reporters.JUnitReportReporter -->
<testsuite hostname="Priyanka" failures="0" tests="1" name="testCases.VerifyOnlyForTestingPageDetails" time="25.373" errors="0" timestamp="2025-03-02T23:52:28 IST" skipped="0">
  <testcase classname="testCases.VerifyOnlyForTestingPageDetails" name="VerifyOnlyForTestingPageDetails" time="25.373"/>
  <system-out/>
</testsuite> <!-- testCases.VerifyOnlyForTestingPageDetails -->
