<?xml version="1.0" encoding="UTF-8"?>
<!-- Generated by org.testng.reporters.JUnitReportReporter -->
<testsuite hostname="Priyanka" failures="0" tests="1" name="testngpractice.TestNgAnnotations" time="0.021" errors="0" timestamp="2025-02-25T22:59:32 IST" skipped="0">
  <testcase classname="testngpractice.TestNgAnnotations" name="testCase" time="0.021"/>
  <system-out/>
</testsuite> <!-- testngpractice.TestNgAnnotations -->
