<?xml version="1.0" encoding="UTF-8"?>
<!-- Generated by org.testng.reporters.JUnitReportReporter -->
<testsuite hostname="Priyanka" failures="0" tests="3" name="testngpractice.VerifyValidLogin" time="19.556" errors="0" timestamp="2025-02-25T23:21:45 IST" skipped="0">
  <testcase classname="testngpractice.VerifyValidLogin" name="verifyHomePageUrl" time="7.637"/>
  <system-out/>
  <testcase classname="testngpractice.VerifyValidLogin" name="verifyHomePageTitle" time="5.340"/>
  <system-out/>
  <testcase classname="testngpractice.VerifyValidLogin" name="verifyValidLogin" time="6.579"/>
  <system-out/>
</testsuite> <!-- testngpractice.VerifyValidLogin -->
