<?xml version="1.0" encoding="UTF-8"?>
<!-- Generated by org.testng.reporters.JUnitReportReporter -->
<testsuite hostname="Priyanka" failures="0" tests="3" name="testngpractice.TestCasePriority" time="25.906" errors="0" timestamp="2025-02-26T22:43:33 IST" skipped="0">
  <testcase classname="testngpractice.TestCasePriority" name="B" time="5.524"/>
  <system-out/>
  <testcase classname="testngpractice.TestCasePriority" name="A" time="8.370"/>
  <system-out/>
  <testcase classname="testngpractice.TestCasePriority" name="C" time="12.012"/>
  <system-out/>
</testsuite> <!-- testngpractice.TestCasePriority -->
